[debug] [2026-06-23T19:48:52.384Z] ----------------------------------------------------------------------
[debug] [2026-06-23T19:48:52.386Z] Command:       /usr/local/bin/node /Users/rakshithj/Downloads/VS Code Files/CropIntelWebsite/node_modules/.bin/firebase deploy --only hosting --project cropintel-home
[debug] [2026-06-23T19:48:52.387Z] CLI Version:   15.20.0
[debug] [2026-06-23T19:48:52.387Z] Platform:      darwin
[debug] [2026-06-23T19:48:52.387Z] Node Version:  v24.14.0
[debug] [2026-06-23T19:48:52.387Z] Time:          Tue Jun 23 2026 14:48:52 GMT-0500 (Central Daylight Time)
[debug] [2026-06-23T19:48:52.387Z] ----------------------------------------------------------------------
[debug] 
[debug] [2026-06-23T19:48:54.285Z] > command requires scopes: ["email","openid","https://www.googleapis.com/auth/cloudplatformprojects.readonly","https://www.googleapis.com/auth/firebase","https://www.googleapis.com/auth/cloud-platform"]
[debug] [2026-06-23T19:48:54.286Z] > authorizing via signed-in user (rakshith.jk2@gmail.com)
[debug] [2026-06-23T19:48:54.286Z] [iam] checking project cropintel-home for permissions ["firebase.projects.get","firebasehosting.sites.update"]
[debug] [2026-06-23T19:48:54.287Z] Checked if tokens are valid: true, expires at: 1782247163434
[debug] [2026-06-23T19:48:54.287Z] Checked if tokens are valid: true, expires at: 1782247163434
[debug] [2026-06-23T19:48:54.287Z] >>> [apiv2][query] POST https://cloudresourcemanager.googleapis.com/v1/projects/cropintel-home:testIamPermissions [none]
[debug] [2026-06-23T19:48:54.287Z] >>> [apiv2][(partial)header] POST https://cloudresourcemanager.googleapis.com/v1/projects/cropintel-home:testIamPermissions  x-goog-user-project=cropintel-home
[debug] [2026-06-23T19:48:54.287Z] >>> [apiv2][body] POST https://cloudresourcemanager.googleapis.com/v1/projects/cropintel-home:testIamPermissions {"permissions":["firebase.projects.get","firebasehosting.sites.update"]}
[debug] [2026-06-23T19:48:54.312Z] *** [apiv2] error from fetch(https://cloudresourcemanager.googleapis.com/v1/projects/cropintel-home:testIamPermissions, {"headers":{},"method":"POST","body":"{\"permissions\":[\"firebase.projects.get\",\"firebasehosting.sites.update\"]}"}): FetchError: request to https://cloudresourcemanager.googleapis.com/v1/projects/cropintel-home:testIamPermissions failed, reason: getaddrinfo ENOTFOUND cloudresourcemanager.googleapis.com
[debug] [2026-06-23T19:48:54.313Z] [iam] error while checking permissions, command may fail: Failed to make request to https://cloudresourcemanager.googleapis.com/v1/projects/cropintel-home:testIamPermissions
[debug] [2026-06-23T19:48:54.313Z] Checked if tokens are valid: true, expires at: 1782247163434
[debug] [2026-06-23T19:48:54.313Z] Checked if tokens are valid: true, expires at: 1782247163434
[debug] [2026-06-23T19:48:54.313Z] >>> [apiv2][query] GET https://firebase.googleapis.com/v1beta1/projects/cropintel-home [none]
[debug] [2026-06-23T19:48:54.320Z] *** [apiv2] error from fetch(https://firebase.googleapis.com/v1beta1/projects/cropintel-home, {"headers":{},"method":"GET","signal":{"reason":""}}): FetchError: request to https://firebase.googleapis.com/v1beta1/projects/cropintel-home failed, reason: getaddrinfo ENOTFOUND firebase.googleapis.com
[debug] [2026-06-23T19:48:54.322Z] Failed to make request to https://firebase.googleapis.com/v1beta1/projects/cropintel-home (original: request to https://firebase.googleapis.com/v1beta1/projects/cropintel-home failed, reason: getaddrinfo ENOTFOUND firebase.googleapis.com)
[info] 
[info] === Deploying to 'cropintel-home'...
[info] 
[info] i  deploying hosting 
[debug] [2026-06-23T19:48:54.325Z] Checked if tokens are valid: true, expires at: 1782247163434
[debug] [2026-06-23T19:48:54.325Z] Checked if tokens are valid: true, expires at: 1782247163434
[debug] [2026-06-23T19:48:54.325Z] >>> [apiv2][query] GET https://firebasehosting.googleapis.com/v1beta1/projects/cropintel-home/sites/cropintel-home [none]
[debug] [2026-06-23T19:48:54.326Z] *** [apiv2] error from fetch(https://firebasehosting.googleapis.com/v1beta1/projects/cropintel-home/sites/cropintel-home, {"headers":{},"method":"GET"}): FetchError: request to https://firebasehosting.googleapis.com/v1beta1/projects/cropintel-home/sites/cropintel-home failed, reason: getaddrinfo ENOTFOUND firebasehosting.googleapis.com
[debug] [2026-06-23T19:48:54.329Z] FetchError: request to https://firebasehosting.googleapis.com/v1beta1/projects/cropintel-home/sites/cropintel-home failed, reason: getaddrinfo ENOTFOUND firebasehosting.googleapis.com
    at ClientRequest.<anonymous> (/Users/rakshithj/Downloads/VS Code Files/CropIntelWebsite/node_modules/node-fetch/lib/index.js:1501:11)
    at ClientRequest.emit (node:events:508:28)
    at emitErrorEvent (node:_http_client:108:11)
    at TLSSocket.socketErrorListener (node:_http_client:575:5)
    at TLSSocket.emit (node:events:508:28)
    at emitErrorNT (node:internal/streams/destroy:170:8)
    at emitErrorCloseNT (node:internal/streams/destroy:129:3)
    at process.processTicksAndRejections (node:internal/process/task_queues:90:21)
[error] 
[error] Error: Failed to make request to https://firebasehosting.googleapis.com/v1beta1/projects/cropintel-home/sites/cropintel-home
[debug] [2026-06-23T19:48:54.620Z] Error: EPERM: operation not permitted, open '/Users/rakshithj/.config/configstore/firebase-tools.json.3223240667'
    at Object.openSync (node:fs:560:18)
    at writeFile.writeFileSync [as sync] (/Users/rakshithj/Downloads/VS Code Files/CropIntelWebsite/node_modules/write-file-atomic/index.js:205:13)
    at set all (/Users/rakshithj/Downloads/VS Code Files/CropIntelWebsite/node_modules/configstore/index.js:61:20)
    at Configstore.delete (/Users/rakshithj/Downloads/VS Code Files/CropIntelWebsite/node_modules/configstore/index.js:101:12)
    at process.<anonymous> (/Users/rakshithj/Downloads/VS Code Files/CropIntelWebsite/node_modules/firebase-tools/lib/bin/cli.js:65:45)
    at process.emit (node:events:520:35)
    at process.exit (node:internal/process/per_thread:236:15)
    at Timeout._onTimeout (/Users/rakshithj/Downloads/VS Code Files/CropIntelWebsite/node_modules/firebase-tools/lib/errorOut.js:20:17)
    at listOnTimeout (node:internal/timers:605:17)
    at process.processTimers (node:internal/timers:541:7)
[error] 
[error] Error: An unexpected error has occurred.
[debug] [2026-06-23T19:49:08.212Z] ----------------------------------------------------------------------
[debug] [2026-06-23T19:49:08.216Z] Command:       /usr/local/bin/node /Users/rakshithj/Downloads/VS Code Files/CropIntelWebsite/node_modules/.bin/firebase deploy --only hosting --project cropintel-home
[debug] [2026-06-23T19:49:08.216Z] CLI Version:   15.20.0
[debug] [2026-06-23T19:49:08.216Z] Platform:      darwin
[debug] [2026-06-23T19:49:08.216Z] Node Version:  v24.14.0
[debug] [2026-06-23T19:49:08.216Z] Time:          Tue Jun 23 2026 14:49:08 GMT-0500 (Central Daylight Time)
[debug] [2026-06-23T19:49:08.216Z] ----------------------------------------------------------------------
[debug] 
[debug] [2026-06-23T19:49:09.359Z] > command requires scopes: ["email","openid","https://www.googleapis.com/auth/cloudplatformprojects.readonly","https://www.googleapis.com/auth/firebase","https://www.googleapis.com/auth/cloud-platform"]
[debug] [2026-06-23T19:49:09.360Z] > authorizing via signed-in user (rakshith.jk2@gmail.com)
[debug] [2026-06-23T19:49:09.361Z] [iam] checking project cropintel-home for permissions ["firebase.projects.get","firebasehosting.sites.update"]
[debug] [2026-06-23T19:49:09.361Z] Checked if tokens are valid: true, expires at: 1782247163434
[debug] [2026-06-23T19:49:09.362Z] Checked if tokens are valid: true, expires at: 1782247163434
[debug] [2026-06-23T19:49:09.362Z] >>> [apiv2][query] POST https://cloudresourcemanager.googleapis.com/v1/projects/cropintel-home:testIamPermissions [none]
[debug] [2026-06-23T19:49:09.362Z] >>> [apiv2][(partial)header] POST https://cloudresourcemanager.googleapis.com/v1/projects/cropintel-home:testIamPermissions  x-goog-user-project=cropintel-home
[debug] [2026-06-23T19:49:09.362Z] >>> [apiv2][body] POST https://cloudresourcemanager.googleapis.com/v1/projects/cropintel-home:testIamPermissions {"permissions":["firebase.projects.get","firebasehosting.sites.update"]}
[debug] [2026-06-23T19:49:09.716Z] <<< [apiv2][status] POST https://cloudresourcemanager.googleapis.com/v1/projects/cropintel-home:testIamPermissions 200
[debug] [2026-06-23T19:49:09.716Z] <<< [apiv2][body] POST https://cloudresourcemanager.googleapis.com/v1/projects/cropintel-home:testIamPermissions {"permissions":["firebase.projects.get","firebasehosting.sites.update"]}
[debug] [2026-06-23T19:49:09.717Z] Checked if tokens are valid: true, expires at: 1782247163434
[debug] [2026-06-23T19:49:09.717Z] Checked if tokens are valid: true, expires at: 1782247163434
[debug] [2026-06-23T19:49:09.718Z] >>> [apiv2][query] GET https://firebase.googleapis.com/v1beta1/projects/cropintel-home [none]
[debug] [2026-06-23T19:49:09.969Z] <<< [apiv2][status] GET https://firebase.googleapis.com/v1beta1/projects/cropintel-home 200
[debug] [2026-06-23T19:49:09.969Z] <<< [apiv2][body] GET https://firebase.googleapis.com/v1beta1/projects/cropintel-home {"projectId":"cropintel-home","projectNumber":"217415533260","displayName":"CropIntelWeb","name":"projects/cropintel-home","resources":{"hostingSite":"cropintel-home"},"state":"ACTIVE","etag":"1_b7c2c0b8-fe29-4c22-8ff6-e74b5e74e2e7"}
[info] 
[info] === Deploying to 'cropintel-home'...
[info] 
[info] i  deploying hosting 
[debug] [2026-06-23T19:49:09.972Z] Checked if tokens are valid: true, expires at: 1782247163434
[debug] [2026-06-23T19:49:09.972Z] Checked if tokens are valid: true, expires at: 1782247163434
[debug] [2026-06-23T19:49:09.973Z] >>> [apiv2][query] GET https://firebasehosting.googleapis.com/v1beta1/projects/cropintel-home/sites/cropintel-home [none]
[debug] [2026-06-23T19:49:10.614Z] <<< [apiv2][status] GET https://firebasehosting.googleapis.com/v1beta1/projects/cropintel-home/sites/cropintel-home 200
[debug] [2026-06-23T19:49:10.614Z] <<< [apiv2][body] GET https://firebasehosting.googleapis.com/v1beta1/projects/cropintel-home/sites/cropintel-home {"name":"projects/cropintel-home/sites/cropintel-home","defaultUrl":"https://cropintel-home.web.app","type":"DEFAULT_SITE"}
[debug] [2026-06-23T19:49:10.618Z] Checked if tokens are valid: true, expires at: 1782247163434
[debug] [2026-06-23T19:49:10.618Z] Checked if tokens are valid: true, expires at: 1782247163434
[debug] [2026-06-23T19:49:10.618Z] >>> [apiv2][query] POST https://firebasehosting.googleapis.com/v1beta1/projects/-/sites/cropintel-home/versions [none]
[debug] [2026-06-23T19:49:10.619Z] >>> [apiv2][body] POST https://firebasehosting.googleapis.com/v1beta1/projects/-/sites/cropintel-home/versions {"status":"CREATED","labels":{"deployment-tool":"cli-firebase"}}
[debug] [2026-06-23T19:49:11.821Z] <<< [apiv2][status] POST https://firebasehosting.googleapis.com/v1beta1/projects/-/sites/cropintel-home/versions 200
[debug] [2026-06-23T19:49:11.822Z] <<< [apiv2][body] POST https://firebasehosting.googleapis.com/v1beta1/projects/-/sites/cropintel-home/versions {"name":"projects/217415533260/sites/cropintel-home/versions/147f2eae6a5da674","status":"CREATED","config":{},"labels":{"deployment-tool":"cli-firebase"}}
[info] i  hosting[cropintel-home]: beginning deploy... 
[info] i  hosting[cropintel-home]: found 43 files in out 
[debug] [2026-06-23T19:49:11.861Z] [hosting] uploading with 200 concurrency
[debug] [2026-06-23T19:49:11.930Z] Checked if tokens are valid: true, expires at: 1782247163434
[debug] [2026-06-23T19:49:11.931Z] Checked if tokens are valid: true, expires at: 1782247163434
[debug] [2026-06-23T19:49:11.932Z] [hosting] hash cache [b3V0] stored for 43 files
[debug] [2026-06-23T19:49:11.933Z] [hosting][hash queue][FINAL] {"max":59,"min":26,"avg":31.906976744186046,"active":0,"complete":43,"success":43,"errored":0,"retried":0,"total":43,"elapsed":70}
[debug] [2026-06-23T19:49:11.933Z] >>> [apiv2][query] POST https://firebasehosting.googleapis.com/v1beta1/projects/217415533260/sites/cropintel-home/versions/147f2eae6a5da674:populateFiles [none]
[debug] [2026-06-23T19:49:11.933Z] >>> [apiv2][body] POST https://firebasehosting.googleapis.com/v1beta1/projects/217415533260/sites/cropintel-home/versions/147f2eae6a5da674:populateFiles {"files":{"/product.txt":"25a203c3fde8e96663c66f1673eafc0d276515f078ee97d0b20dbdbfc93119d5","/index.txt":"31bd8e0e7d77d8d4decef4993535289871ac0c26ef51019466b9d2b2e87afb1d","/team.txt":"6e5dcbda5b5d227e5732a01d198081da1c20fa105cb52b6342840ef5e738f7f2","/team.html":"2d52e8061bf117986a11815918c0c41b00962f79468a30a13a1898b66dea2b43","/product.html":"fd0be2364b71fe8849f195c98eaca46271d6877e13fa695a4494eecc8d607aa0","/how-it-works.txt":"294830c97ae8304174ee85322575c07d2eddc01bb81467896bf6702f56c33380","/how-it-works.html":"81c187c12b351f9074decd8db4177e7417ea9c67765dbecb6794ac5084cc2d79","/download.txt":"7e96d6db31cd18adcb1a08e6482a36f29be37213c9f56de65e5b029b93198769","/about.txt":"e846aec0147fad751f9ab7d799140d38dc0b64a9eb29c9278477c7c148c5ef2b","/download.html":"865ebd857f9e292e03b5077dabb3a65e41665dc1b933d52e8b6101a2f8f46bbb","/404.html":"e02020fa416f4e12e19552ff22a0840f146bdae41c9aae2b3fa173c97e54cb97","/contact.html":"45a6cc5a82be180c6a3ec50f3fb4462bb7505c5e74664a3cdb791bb2ba6b0c0d","/about.html":"6c2fe28cfa669a79bd5f9cf83b116425f623a15379beb98d38bad7e222935b8c","/brand/wheat-mark-transparent.png":"4f6c3ab508cda207164948f9b81bd3217bd27db169f47316fefa519d20a9fa59","/contact.txt":"9f0b5d5954b6f6037452477d2d1981513103b3024788b218cb7600753496b937","/brand/mark.png":"79e4393d8b7a91018dca7f452703cae2357fa6f61c73c475bef45199eaab77d7","/_next/static/chunks/webpack-c8441f2d519541e3.js":"e6b395516aefd944daf892666c2732eb66f45ab4a6f8fdc6c3c95b2baaf2bcfb","/_next/static/chunks/main-app-7461c0c3122e9907.js":"ce2066aff306bf989b6980c815394368c4961c84d76276aa0582a94ec362281f","/_next/static/chunks/pages/_error-7ba65e1336b92748.js":"0402d6340a70945d851b2d22e156d955fbee54c1d8ec8b379f35fd464a8d08bf","/_next/static/chunks/pages/_app-72b849fbd24ac258.js":"dae29acdf0128939e571909a9228115276818bce739f4d0f98c1da8ed68ba91d","/_next/static/css/82c072c2f78027ac.css":"5c75c27340d815a65b412d924ff36c86976f7888fa2244b3015491f599d791cb","/_next/static/chunks/app/team/page-1d2d9a01fa31f50e.js":"44aa2c07a72f3a0a3d4e22b6b9601bc11368764217c0b17d0bd01411a86b9c6b","/_next/static/chunks/app/page-0e9ca6151fe478e0.js":"546eb713ad144969a298c9676bd90ef31a7fcd0ef98ddb5764b54692d01b5723","/_next/static/chunks/app/product/page-5165e327ffc36b35.js":"b89061878fc65c909a8d171078ee64f3f64f912bbf885a1264412982db32f04f","/_next/static/chunks/app/download/page-98fd914ff9ffec06.js":"b68ce4f5a49b452855ed5c368d9750d72dd6a95d1f0afb80e66956bcd1685d5a","/_next/static/chunks/app/contact/page-2868011e8087a6ea.js":"2a294a1f6951ff873ce0a28d107a7ac526e2069eb2c89245af606480e3cfffd0","/_next/static/chunks/app/about/page-0b8077d7930845c6.js":"00f893ccd1991bedba538ef0060e74ab7ad5b71e0f69635554ad94a5f504a047","/_next/static/chunks/app/_not-found/page-a8b3782ae8a0d8fd.js":"504bc1f34b0c461bb98797647d0431fe5b881ea01030149db9ae83197965de92","/_next/static/DL48Miw69nZe0OE8rJMka/_ssgManifest.js":"02dbc1aeab6ef0a6ff2ff9a1643158cf9bb38929945eaa343a3627dee9ba6778","/_next/static/chunks/app/how-it-works/page-3b78a1ef99af2f13.js":"9bd17136a47de480956678699554bbb7d6bc553270696bd48577942250b6c8ef","/_next/static/DL48Miw69nZe0OE8rJMka/_buildManifest.js":"f46b17d6e2e887329d388286773626796e64b52f4cd965c9b0fe037e97f3ad58","/_next/static/chunks/609-f5c120d728aeace2.js":"53d34a63f29f43d93f3f8c259408e57a3ce6c0f02ea79727f9129bab029c44f9","/index.html":"8258595685982b345bfd0f22a3f3c729495fbc45f031d6bd51a4d25a5fde3fb3","/_next/static/chunks/app/layout-60c205951fd792b0.js":"2d89c7ca40cd93f2aa11cc810b0e17470df19668b0217af4d8d0cf0a5abf99bb","/_next/static/chunks/117-01ec45528cd0464b.js":"889a9d61be688aeb9849f3c192834d49b16edddee25b7c9bae3c3c904085f9ef","/_next/static/chunks/main-eeacd4f9aac72d1f.js":"31d3043585b11f1207438871a1be99d930c35defd7f656c580147858f96bdfde","/_next/static/chunks/polyfills-42372ed130431b0a.js":"67dee1c02c6a6700d63b5c1898cf2df618101a68a395db469192763d24925a23","/_next/static/chunks/framework-f66176bb897dc684.js":"bcc2625ae39aa9748c8149b05dc6cbaca4e82b628c2a805c2733cc090562a694","/team/jaithra-polavarapu.jpeg":"a338271e2491ec3fef1bc6c37ba5d0f1698e39c4f218a18b3caeecdb9b43b8bf","/team/havish-kunchanapalli.jpeg":"628ba20a4725b194e65d0f207d3f07aa277e4801e57a1dc639acf15b48155f22","/team/aditya-ramani.jpeg":"c10658828dd98a21487fd496c7c088e6d3c223b7bf559b0c3adc03c81f54a33a","/_next/static/chunks/fd9d1056-357a9aa7cf7b0906.js":"8b73f2ae4babb3d70adf200a16329555cd03b390ca97f3fa3368428ebc73c549","/team/rakshith-jayakarthikeyan.jpg":"3d4172d98f364e489da0ec569521508dfb421551ea7f0f811ace74a99ac6580c"}}
[debug] [2026-06-23T19:49:12.525Z] <<< [apiv2][status] POST https://firebasehosting.googleapis.com/v1beta1/projects/217415533260/sites/cropintel-home/versions/147f2eae6a5da674:populateFiles 200
[debug] [2026-06-23T19:49:12.526Z] <<< [apiv2][body] POST https://firebasehosting.googleapis.com/v1beta1/projects/217415533260/sites/cropintel-home/versions/147f2eae6a5da674:populateFiles {"uploadRequiredHashes":["02dbc1aeab6ef0a6ff2ff9a1643158cf9bb38929945eaa343a3627dee9ba6778","79e4393d8b7a91018dca7f452703cae2357fa6f61c73c475bef45199eaab77d7","6c2fe28cfa669a79bd5f9cf83b116425f623a15379beb98d38bad7e222935b8c","c10658828dd98a21487fd496c7c088e6d3c223b7bf559b0c3adc03c81f54a33a","2d89c7ca40cd93f2aa11cc810b0e17470df19668b0217af4d8d0cf0a5abf99bb","504bc1f34b0c461bb98797647d0431fe5b881ea01030149db9ae83197965de92","7e96d6db31cd18adcb1a08e6482a36f29be37213c9f56de65e5b029b93198769","67dee1c02c6a6700d63b5c1898cf2df618101a68a395db469192763d24925a23","889a9d61be688aeb9849f3c192834d49b16edddee25b7c9bae3c3c904085f9ef","a338271e2491ec3fef1bc6c37ba5d0f1698e39c4f218a18b3caeecdb9b43b8bf","ce2066aff306bf989b6980c815394368c4961c84d76276aa0582a94ec362281f","0402d6340a70945d851b2d22e156d955fbee54c1d8ec8b379f35fd464a8d08bf","865ebd857f9e292e03b5077dabb3a65e41665dc1b933d52e8b6101a2f8f46bbb","e846aec0147fad751f9ab7d799140d38dc0b64a9eb29c9278477c7c148c5ef2b","8b73f2ae4babb3d70adf200a16329555cd03b390ca97f3fa3368428ebc73c549","4f6c3ab508cda207164948f9b81bd3217bd27db169f47316fefa519d20a9fa59","45a6cc5a82be180c6a3ec50f3fb4462bb7505c5e74664a3cdb791bb2ba6b0c0d","5c75c27340d815a65b412d924ff36c86976f7888fa2244b3015491f599d791cb","bcc2625ae39aa9748c8149b05dc6cbaca4e82b628c2a805c2733cc090562a694","31bd8e0e7d77d8d4decef4993535289871ac0c26ef51019466b9d2b2e87afb1d","8258595685982b345bfd0f22a3f3c729495fbc45f031d6bd51a4d25a5fde3fb3","44aa2c07a72f3a0a3d4e22b6b9601bc11368764217c0b17d0bd01411a86b9c6b","546eb713ad144969a298c9676bd90ef31a7fcd0ef98ddb5764b54692d01b5723","fd0be2364b71fe8849f195c98eaca46271d6877e13fa695a4494eecc8d607aa0","25a203c3fde8e96663c66f1673eafc0d276515f078ee97d0b20dbdbfc93119d5","00f893ccd1991bedba538ef0060e74ab7ad5b71e0f69635554ad94a5f504a047","e6b395516aefd944daf892666c2732eb66f45ab4a6f8fdc6c3c95b2baaf2bcfb","81c187c12b351f9074decd8db4177e7417ea9c67765dbecb6794ac5084cc2d79","e02020fa416f4e12e19552ff22a0840f146bdae41c9aae2b3fa173c97e54cb97","f46b17d6e2e887329d388286773626796e64b52f4cd965c9b0fe037e97f3ad58","2d52e8061bf117986a11815918c0c41b00962f79468a30a13a1898b66dea2b43","31d3043585b11f1207438871a1be99d930c35defd7f656c580147858f96bdfde","6e5dcbda5b5d227e5732a01d198081da1c20fa105cb52b6342840ef5e738f7f2","dae29acdf0128939e571909a9228115276818bce739f4d0f98c1da8ed68ba91d","628ba20a4725b194e65d0f207d3f07aa277e4801e57a1dc639acf15b48155f22","53d34a63f29f43d93f3f8c259408e57a3ce6c0f02ea79727f9129bab029c44f9","294830c97ae8304174ee85322575c07d2eddc01bb81467896bf6702f56c33380","2a294a1f6951ff873ce0a28d107a7ac526e2069eb2c89245af606480e3cfffd0","9f0b5d5954b6f6037452477d2d1981513103b3024788b218cb7600753496b937","9bd17136a47de480956678699554bbb7d6bc553270696bd48577942250b6c8ef","b89061878fc65c909a8d171078ee64f3f64f912bbf885a1264412982db32f04f","3d4172d98f364e489da0ec569521508dfb421551ea7f0f811ace74a99ac6580c","b68ce4f5a49b452855ed5c368d9750d72dd6a95d1f0afb80e66956bcd1685d5a"],"uploadUrl":"https://upload-firebasehosting.googleapis.com/upload/sites/cropintel-home/versions/147f2eae6a5da674/files"}
[debug] [2026-06-23T19:49:12.528Z] Checked if tokens are valid: true, expires at: 1782247163434
[debug] [2026-06-23T19:49:12.529Z] Checked if tokens are valid: true, expires at: 1782247163434
[debug] [2026-06-23T19:49:12.529Z] Checked if tokens are valid: true, expires at: 1782247163434
[debug] [2026-06-23T19:49:12.529Z] Checked if tokens are valid: true, expires at: 1782247163434
[debug] [2026-06-23T19:49:12.529Z] Checked if tokens are valid: true, expires at: 1782247163434
[debug] [2026-06-23T19:49:12.529Z] Checked if tokens are valid: true, expires at: 1782247163434
[debug] [2026-06-23T19:49:12.530Z] Checked if tokens are valid: true, expires at: 1782247163434
[debug] [2026-06-23T19:49:12.530Z] Checked if tokens are valid: true, expires at: 1782247163434
[debug] [2026-06-23T19:49:12.530Z] Checked if tokens are valid: true, expires at: 1782247163434
[debug] [2026-06-23T19:49:12.530Z] Checked if tokens are valid: true, expires at: 1782247163434
[debug] [2026-06-23T19:49:12.530Z] Checked if tokens are valid: true, expires at: 1782247163434
[debug] [2026-06-23T19:49:12.531Z] Checked if tokens are valid: true, expires at: 1782247163434
[debug] [2026-06-23T19:49:12.531Z] Checked if tokens are valid: true, expires at: 1782247163434
[debug] [2026-06-23T19:49:12.531Z] Checked if tokens are valid: true, expires at: 1782247163434
[debug] [2026-06-23T19:49:12.531Z] Checked if tokens are valid: true, expires at: 1782247163434
[debug] [2026-06-23T19:49:12.531Z] Checked if tokens are valid: true, expires at: 1782247163434
[debug] [2026-06-23T19:49:12.532Z] Checked if tokens are valid: true, expires at: 1782247163434
[debug] [2026-06-23T19:49:12.532Z] Checked if tokens are valid: true, expires at: 1782247163434
[debug] [2026-06-23T19:49:12.532Z] Checked if tokens are valid: true, expires at: 1782247163434
[debug] [2026-06-23T19:49:12.532Z] Checked if tokens are valid: true, expires at: 1782247163434
[debug] [2026-06-23T19:49:12.532Z] Checked if tokens are valid: true, expires at: 1782247163434
[debug] [2026-06-23T19:49:12.533Z] Checked if tokens are valid: true, expires at: 1782247163434
[debug] [2026-06-23T19:49:12.533Z] Checked if tokens are valid: true, expires at: 1782247163434
[debug] [2026-06-23T19:49:12.533Z] Checked if tokens are valid: true, expires at: 1782247163434
[debug] [2026-06-23T19:49:12.533Z] Checked if tokens are valid: true, expires at: 1782247163434
[debug] [2026-06-23T19:49:12.533Z] Checked if tokens are valid: true, expires at: 1782247163434
[debug] [2026-06-23T19:49:12.534Z] Checked if tokens are valid: true, expires at: 1782247163434
[debug] [2026-06-23T19:49:12.534Z] Checked if tokens are valid: true, expires at: 1782247163434
[debug] [2026-06-23T19:49:12.534Z] Checked if tokens are valid: true, expires at: 1782247163434
[debug] [2026-06-23T19:49:12.534Z] Checked if tokens are valid: true, expires at: 1782247163434
[debug] [2026-06-23T19:49:12.534Z] Checked if tokens are valid: true, expires at: 1782247163434
[debug] [2026-06-23T19:49:12.534Z] Checked if tokens are valid: true, expires at: 1782247163434
[debug] [2026-06-23T19:49:12.534Z] Checked if tokens are valid: true, expires at: 1782247163434
[debug] [2026-06-23T19:49:12.534Z] Checked if tokens are valid: true, expires at: 1782247163434
[debug] [2026-06-23T19:49:12.534Z] Checked if tokens are valid: true, expires at: 1782247163434
[debug] [2026-06-23T19:49:12.534Z] Checked if tokens are valid: true, expires at: 1782247163434
[debug] [2026-06-23T19:49:12.534Z] Checked if tokens are valid: true, expires at: 1782247163434
[debug] [2026-06-23T19:49:12.535Z] Checked if tokens are valid: true, expires at: 1782247163434
[debug] [2026-06-23T19:49:12.535Z] Checked if tokens are valid: true, expires at: 1782247163434
[debug] [2026-06-23T19:49:12.535Z] Checked if tokens are valid: true, expires at: 1782247163434
[debug] [2026-06-23T19:49:12.536Z] Checked if tokens are valid: true, expires at: 1782247163434
[debug] [2026-06-23T19:49:12.536Z] Checked if tokens are valid: true, expires at: 1782247163434
[debug] [2026-06-23T19:49:12.536Z] Checked if tokens are valid: true, expires at: 1782247163434
[debug] [2026-06-23T19:49:12.536Z] Checked if tokens are valid: true, expires at: 1782247163434
[debug] [2026-06-23T19:49:12.536Z] Checked if tokens are valid: true, expires at: 1782247163434
[debug] [2026-06-23T19:49:12.536Z] Checked if tokens are valid: true, expires at: 1782247163434
[debug] [2026-06-23T19:49:12.536Z] Checked if tokens are valid: true, expires at: 1782247163434
[debug] [2026-06-23T19:49:12.536Z] Checked if tokens are valid: true, expires at: 1782247163434
[debug] [2026-06-23T19:49:12.537Z] Checked if tokens are valid: true, expires at: 1782247163434
[debug] [2026-06-23T19:49:12.537Z] Checked if tokens are valid: true, expires at: 1782247163434
[debug] [2026-06-23T19:49:12.537Z] Checked if tokens are valid: true, expires at: 1782247163434
[debug] [2026-06-23T19:49:12.537Z] Checked if tokens are valid: true, expires at: 1782247163434
[debug] [2026-06-23T19:49:12.537Z] Checked if tokens are valid: true, expires at: 1782247163434
[debug] [2026-06-23T19:49:12.537Z] Checked if tokens are valid: true, expires at: 1782247163434
[debug] [2026-06-23T19:49:12.538Z] Checked if tokens are valid: true, expires at: 1782247163434
[debug] [2026-06-23T19:49:12.538Z] Checked if tokens are valid: true, expires at: 1782247163434
[debug] [2026-06-23T19:49:12.538Z] Checked if tokens are valid: true, expires at: 1782247163434
[debug] [2026-06-23T19:49:12.538Z] Checked if tokens are valid: true, expires at: 1782247163434
[debug] [2026-06-23T19:49:12.538Z] Checked if tokens are valid: true, expires at: 1782247163434
[debug] [2026-06-23T19:49:12.538Z] Checked if tokens are valid: true, expires at: 1782247163434
[debug] [2026-06-23T19:49:12.538Z] Checked if tokens are valid: true, expires at: 1782247163434
[debug] [2026-06-23T19:49:12.538Z] Checked if tokens are valid: true, expires at: 1782247163434
[debug] [2026-06-23T19:49:12.538Z] Checked if tokens are valid: true, expires at: 1782247163434
[debug] [2026-06-23T19:49:12.538Z] Checked if tokens are valid: true, expires at: 1782247163434
[debug] [2026-06-23T19:49:12.539Z] Checked if tokens are valid: true, expires at: 1782247163434
[debug] [2026-06-23T19:49:12.539Z] Checked if tokens are valid: true, expires at: 1782247163434
[debug] [2026-06-23T19:49:12.539Z] Checked if tokens are valid: true, expires at: 1782247163434
[debug] [2026-06-23T19:49:12.539Z] Checked if tokens are valid: true, expires at: 1782247163434
[debug] [2026-06-23T19:49:12.540Z] Checked if tokens are valid: true, expires at: 1782247163434
[debug] [2026-06-23T19:49:12.540Z] Checked if tokens are valid: true, expires at: 1782247163434
[debug] [2026-06-23T19:49:12.540Z] Checked if tokens are valid: true, expires at: 1782247163434
[debug] [2026-06-23T19:49:12.540Z] Checked if tokens are valid: true, expires at: 1782247163434
[debug] [2026-06-23T19:49:12.540Z] Checked if tokens are valid: true, expires at: 1782247163434
[debug] [2026-06-23T19:49:12.540Z] Checked if tokens are valid: true, expires at: 1782247163434
[debug] [2026-06-23T19:49:12.541Z] Checked if tokens are valid: true, expires at: 1782247163434
[debug] [2026-06-23T19:49:12.541Z] Checked if tokens are valid: true, expires at: 1782247163434
[debug] [2026-06-23T19:49:12.541Z] Checked if tokens are valid: true, expires at: 1782247163434
[debug] [2026-06-23T19:49:12.542Z] Checked if tokens are valid: true, expires at: 1782247163434
[debug] [2026-06-23T19:49:12.542Z] Checked if tokens are valid: true, expires at: 1782247163434
[debug] [2026-06-23T19:49:12.543Z] Checked if tokens are valid: true, expires at: 1782247163434
[debug] [2026-06-23T19:49:12.543Z] Checked if tokens are valid: true, expires at: 1782247163434
[debug] [2026-06-23T19:49:12.544Z] Checked if tokens are valid: true, expires at: 1782247163434
[debug] [2026-06-23T19:49:12.545Z] Checked if tokens are valid: true, expires at: 1782247163434
[debug] [2026-06-23T19:49:12.545Z] Checked if tokens are valid: true, expires at: 1782247163434
[debug] [2026-06-23T19:49:12.545Z] Checked if tokens are valid: true, expires at: 1782247163434
[debug] [2026-06-23T19:49:12.546Z] Checked if tokens are valid: true, expires at: 1782247163434
[debug] [2026-06-23T19:49:12.547Z] >>> [apiv2][query] POST https://upload-firebasehosting.googleapis.com/upload/sites/cropintel-home/versions/147f2eae6a5da674/files/02dbc1aeab6ef0a6ff2ff9a1643158cf9bb38929945eaa343a3627dee9ba6778 [none]
[debug] [2026-06-23T19:49:12.547Z] >>> [apiv2][body] POST https://upload-firebasehosting.googleapis.com/upload/sites/cropintel-home/versions/147f2eae6a5da674/files/02dbc1aeab6ef0a6ff2ff9a1643158cf9bb38929945eaa343a3627dee9ba6778 [stream]
[debug] [2026-06-23T19:49:12.549Z] >>> [apiv2][query] POST https://upload-firebasehosting.googleapis.com/upload/sites/cropintel-home/versions/147f2eae6a5da674/files/79e4393d8b7a91018dca7f452703cae2357fa6f61c73c475bef45199eaab77d7 [none]
[debug] [2026-06-23T19:49:12.549Z] >>> [apiv2][body] POST https://upload-firebasehosting.googleapis.com/upload/sites/cropintel-home/versions/147f2eae6a5da674/files/79e4393d8b7a91018dca7f452703cae2357fa6f61c73c475bef45199eaab77d7 [stream]
[debug] [2026-06-23T19:49:12.550Z] >>> [apiv2][query] POST https://upload-firebasehosting.googleapis.com/upload/sites/cropintel-home/versions/147f2eae6a5da674/files/6c2fe28cfa669a79bd5f9cf83b116425f623a15379beb98d38bad7e222935b8c [none]
[debug] [2026-06-23T19:49:12.551Z] >>> [apiv2][body] POST https://upload-firebasehosting.googleapis.com/upload/sites/cropintel-home/versions/147f2eae6a5da674/files/6c2fe28cfa669a79bd5f9cf83b116425f623a15379beb98d38bad7e222935b8c [stream]
[debug] [2026-06-23T19:49:12.552Z] >>> [apiv2][query] POST https://upload-firebasehosting.googleapis.com/upload/sites/cropintel-home/versions/147f2eae6a5da674/files/c10658828dd98a21487fd496c7c088e6d3c223b7bf559b0c3adc03c81f54a33a [none]
[debug] [2026-06-23T19:49:12.552Z] >>> [apiv2][body] POST https://upload-firebasehosting.googleapis.com/upload/sites/cropintel-home/versions/147f2eae6a5da674/files/c10658828dd98a21487fd496c7c088e6d3c223b7bf559b0c3adc03c81f54a33a [stream]
[debug] [2026-06-23T19:49:12.553Z] >>> [apiv2][query] POST https://upload-firebasehosting.googleapis.com/upload/sites/cropintel-home/versions/147f2eae6a5da674/files/2d89c7ca40cd93f2aa11cc810b0e17470df19668b0217af4d8d0cf0a5abf99bb [none]
[debug] [2026-06-23T19:49:12.554Z] >>> [apiv2][body] POST https://upload-firebasehosting.googleapis.com/upload/sites/cropintel-home/versions/147f2eae6a5da674/files/2d89c7ca40cd93f2aa11cc810b0e17470df19668b0217af4d8d0cf0a5abf99bb [stream]
[debug] [2026-06-23T19:49:12.555Z] >>> [apiv2][query] POST https://upload-firebasehosting.googleapis.com/upload/sites/cropintel-home/versions/147f2eae6a5da674/files/504bc1f34b0c461bb98797647d0431fe5b881ea01030149db9ae83197965de92 [none]
[debug] [2026-06-23T19:49:12.555Z] >>> [apiv2][body] POST https://upload-firebasehosting.googleapis.com/upload/sites/cropintel-home/versions/147f2eae6a5da674/files/504bc1f34b0c461bb98797647d0431fe5b881ea01030149db9ae83197965de92 [stream]
[debug] [2026-06-23T19:49:12.556Z] >>> [apiv2][query] POST https://upload-firebasehosting.googleapis.com/upload/sites/cropintel-home/versions/147f2eae6a5da674/files/7e96d6db31cd18adcb1a08e6482a36f29be37213c9f56de65e5b029b93198769 [none]
[debug] [2026-06-23T19:49:12.556Z] >>> [apiv2][body] POST https://upload-firebasehosting.googleapis.com/upload/sites/cropintel-home/versions/147f2eae6a5da674/files/7e96d6db31cd18adcb1a08e6482a36f29be37213c9f56de65e5b029b93198769 [stream]
[debug] [2026-06-23T19:49:12.557Z] >>> [apiv2][query] POST https://upload-firebasehosting.googleapis.com/upload/sites/cropintel-home/versions/147f2eae6a5da674/files/67dee1c02c6a6700d63b5c1898cf2df618101a68a395db469192763d24925a23 [none]
[debug] [2026-06-23T19:49:12.557Z] >>> [apiv2][body] POST https://upload-firebasehosting.googleapis.com/upload/sites/cropintel-home/versions/147f2eae6a5da674/files/67dee1c02c6a6700d63b5c1898cf2df618101a68a395db469192763d24925a23 [stream]
[debug] [2026-06-23T19:49:12.559Z] >>> [apiv2][query] POST https://upload-firebasehosting.googleapis.com/upload/sites/cropintel-home/versions/147f2eae6a5da674/files/889a9d61be688aeb9849f3c192834d49b16edddee25b7c9bae3c3c904085f9ef [none]
[debug] [2026-06-23T19:49:12.559Z] >>> [apiv2][body] POST https://upload-firebasehosting.googleapis.com/upload/sites/cropintel-home/versions/147f2eae6a5da674/files/889a9d61be688aeb9849f3c192834d49b16edddee25b7c9bae3c3c904085f9ef [stream]
[debug] [2026-06-23T19:49:12.561Z] >>> [apiv2][query] POST https://upload-firebasehosting.googleapis.com/upload/sites/cropintel-home/versions/147f2eae6a5da674/files/a338271e2491ec3fef1bc6c37ba5d0f1698e39c4f218a18b3caeecdb9b43b8bf [none]
[debug] [2026-06-23T19:49:12.562Z] >>> [apiv2][body] POST https://upload-firebasehosting.googleapis.com/upload/sites/cropintel-home/versions/147f2eae6a5da674/files/a338271e2491ec3fef1bc6c37ba5d0f1698e39c4f218a18b3caeecdb9b43b8bf [stream]
[debug] [2026-06-23T19:49:12.564Z] >>> [apiv2][query] POST https://upload-firebasehosting.googleapis.com/upload/sites/cropintel-home/versions/147f2eae6a5da674/files/ce2066aff306bf989b6980c815394368c4961c84d76276aa0582a94ec362281f [none]
[debug] [2026-06-23T19:49:12.564Z] >>> [apiv2][body] POST https://upload-firebasehosting.googleapis.com/upload/sites/cropintel-home/versions/147f2eae6a5da674/files/ce2066aff306bf989b6980c815394368c4961c84d76276aa0582a94ec362281f [stream]
[debug] [2026-06-23T19:49:12.645Z] >>> [apiv2][query] POST https://upload-firebasehosting.googleapis.com/upload/sites/cropintel-home/versions/147f2eae6a5da674/files/0402d6340a70945d851b2d22e156d955fbee54c1d8ec8b379f35fd464a8d08bf [none]
[debug] [2026-06-23T19:49:12.650Z] >>> [apiv2][body] POST https://upload-firebasehosting.googleapis.com/upload/sites/cropintel-home/versions/147f2eae6a5da674/files/0402d6340a70945d851b2d22e156d955fbee54c1d8ec8b379f35fd464a8d08bf [stream]
[debug] [2026-06-23T19:49:12.652Z] >>> [apiv2][query] POST https://upload-firebasehosting.googleapis.com/upload/sites/cropintel-home/versions/147f2eae6a5da674/files/865ebd857f9e292e03b5077dabb3a65e41665dc1b933d52e8b6101a2f8f46bbb [none]
[debug] [2026-06-23T19:49:12.652Z] >>> [apiv2][body] POST https://upload-firebasehosting.googleapis.com/upload/sites/cropintel-home/versions/147f2eae6a5da674/files/865ebd857f9e292e03b5077dabb3a65e41665dc1b933d52e8b6101a2f8f46bbb [stream]
[debug] [2026-06-23T19:49:12.653Z] >>> [apiv2][query] POST https://upload-firebasehosting.googleapis.com/upload/sites/cropintel-home/versions/147f2eae6a5da674/files/e846aec0147fad751f9ab7d799140d38dc0b64a9eb29c9278477c7c148c5ef2b [none]
[debug] [2026-06-23T19:49:12.653Z] >>> [apiv2][body] POST https://upload-firebasehosting.googleapis.com/upload/sites/cropintel-home/versions/147f2eae6a5da674/files/e846aec0147fad751f9ab7d799140d38dc0b64a9eb29c9278477c7c148c5ef2b [stream]
[debug] [2026-06-23T19:49:12.655Z] >>> [apiv2][query] POST https://upload-firebasehosting.googleapis.com/upload/sites/cropintel-home/versions/147f2eae6a5da674/files/8b73f2ae4babb3d70adf200a16329555cd03b390ca97f3fa3368428ebc73c549 [none]
[debug] [2026-06-23T19:49:12.655Z] >>> [apiv2][body] POST https://upload-firebasehosting.googleapis.com/upload/sites/cropintel-home/versions/147f2eae6a5da674/files/8b73f2ae4babb3d70adf200a16329555cd03b390ca97f3fa3368428ebc73c549 [stream]
[debug] [2026-06-23T19:49:12.656Z] >>> [apiv2][query] POST https://upload-firebasehosting.googleapis.com/upload/sites/cropintel-home/versions/147f2eae6a5da674/files/4f6c3ab508cda207164948f9b81bd3217bd27db169f47316fefa519d20a9fa59 [none]
[debug] [2026-06-23T19:49:12.657Z] >>> [apiv2][body] POST https://upload-firebasehosting.googleapis.com/upload/sites/cropintel-home/versions/147f2eae6a5da674/files/4f6c3ab508cda207164948f9b81bd3217bd27db169f47316fefa519d20a9fa59 [stream]
[debug] [2026-06-23T19:49:12.660Z] >>> [apiv2][query] POST https://upload-firebasehosting.googleapis.com/upload/sites/cropintel-home/versions/147f2eae6a5da674/files/45a6cc5a82be180c6a3ec50f3fb4462bb7505c5e74664a3cdb791bb2ba6b0c0d [none]
[debug] [2026-06-23T19:49:12.660Z] >>> [apiv2][body] POST https://upload-firebasehosting.googleapis.com/upload/sites/cropintel-home/versions/147f2eae6a5da674/files/45a6cc5a82be180c6a3ec50f3fb4462bb7505c5e74664a3cdb791bb2ba6b0c0d [stream]
[debug] [2026-06-23T19:49:12.662Z] >>> [apiv2][query] POST https://upload-firebasehosting.googleapis.com/upload/sites/cropintel-home/versions/147f2eae6a5da674/files/5c75c27340d815a65b412d924ff36c86976f7888fa2244b3015491f599d791cb [none]
[debug] [2026-06-23T19:49:12.663Z] >>> [apiv2][body] POST https://upload-firebasehosting.googleapis.com/upload/sites/cropintel-home/versions/147f2eae6a5da674/files/5c75c27340d815a65b412d924ff36c86976f7888fa2244b3015491f599d791cb [stream]
[debug] [2026-06-23T19:49:12.664Z] >>> [apiv2][query] POST https://upload-firebasehosting.googleapis.com/upload/sites/cropintel-home/versions/147f2eae6a5da674/files/bcc2625ae39aa9748c8149b05dc6cbaca4e82b628c2a805c2733cc090562a694 [none]
[debug] [2026-06-23T19:49:12.664Z] >>> [apiv2][body] POST https://upload-firebasehosting.googleapis.com/upload/sites/cropintel-home/versions/147f2eae6a5da674/files/bcc2625ae39aa9748c8149b05dc6cbaca4e82b628c2a805c2733cc090562a694 [stream]
[debug] [2026-06-23T19:49:12.666Z] >>> [apiv2][query] POST https://upload-firebasehosting.googleapis.com/upload/sites/cropintel-home/versions/147f2eae6a5da674/files/31bd8e0e7d77d8d4decef4993535289871ac0c26ef51019466b9d2b2e87afb1d [none]
[debug] [2026-06-23T19:49:12.666Z] >>> [apiv2][body] POST https://upload-firebasehosting.googleapis.com/upload/sites/cropintel-home/versions/147f2eae6a5da674/files/31bd8e0e7d77d8d4decef4993535289871ac0c26ef51019466b9d2b2e87afb1d [stream]
[debug] [2026-06-23T19:49:12.668Z] >>> [apiv2][query] POST https://upload-firebasehosting.googleapis.com/upload/sites/cropintel-home/versions/147f2eae6a5da674/files/8258595685982b345bfd0f22a3f3c729495fbc45f031d6bd51a4d25a5fde3fb3 [none]
[debug] [2026-06-23T19:49:12.676Z] >>> [apiv2][body] POST https://upload-firebasehosting.googleapis.com/upload/sites/cropintel-home/versions/147f2eae6a5da674/files/8258595685982b345bfd0f22a3f3c729495fbc45f031d6bd51a4d25a5fde3fb3 [stream]
[debug] [2026-06-23T19:49:12.677Z] >>> [apiv2][query] POST https://upload-firebasehosting.googleapis.com/upload/sites/cropintel-home/versions/147f2eae6a5da674/files/44aa2c07a72f3a0a3d4e22b6b9601bc11368764217c0b17d0bd01411a86b9c6b [none]
[debug] [2026-06-23T19:49:12.677Z] >>> [apiv2][body] POST https://upload-firebasehosting.googleapis.com/upload/sites/cropintel-home/versions/147f2eae6a5da674/files/44aa2c07a72f3a0a3d4e22b6b9601bc11368764217c0b17d0bd01411a86b9c6b [stream]
[debug] [2026-06-23T19:49:12.678Z] >>> [apiv2][query] POST https://upload-firebasehosting.googleapis.com/upload/sites/cropintel-home/versions/147f2eae6a5da674/files/546eb713ad144969a298c9676bd90ef31a7fcd0ef98ddb5764b54692d01b5723 [none]
[debug] [2026-06-23T19:49:12.678Z] >>> [apiv2][body] POST https://upload-firebasehosting.googleapis.com/upload/sites/cropintel-home/versions/147f2eae6a5da674/files/546eb713ad144969a298c9676bd90ef31a7fcd0ef98ddb5764b54692d01b5723 [stream]
[debug] [2026-06-23T19:49:12.679Z] >>> [apiv2][query] POST https://upload-firebasehosting.googleapis.com/upload/sites/cropintel-home/versions/147f2eae6a5da674/files/fd0be2364b71fe8849f195c98eaca46271d6877e13fa695a4494eecc8d607aa0 [none]
[debug] [2026-06-23T19:49:12.679Z] >>> [apiv2][body] POST https://upload-firebasehosting.googleapis.com/upload/sites/cropintel-home/versions/147f2eae6a5da674/files/fd0be2364b71fe8849f195c98eaca46271d6877e13fa695a4494eecc8d607aa0 [stream]
[debug] [2026-06-23T19:49:12.681Z] >>> [apiv2][query] POST https://upload-firebasehosting.googleapis.com/upload/sites/cropintel-home/versions/147f2eae6a5da674/files/25a203c3fde8e96663c66f1673eafc0d276515f078ee97d0b20dbdbfc93119d5 [none]
[debug] [2026-06-23T19:49:12.681Z] >>> [apiv2][body] POST https://upload-firebasehosting.googleapis.com/upload/sites/cropintel-home/versions/147f2eae6a5da674/files/25a203c3fde8e96663c66f1673eafc0d276515f078ee97d0b20dbdbfc93119d5 [stream]
[debug] [2026-06-23T19:49:12.682Z] >>> [apiv2][query] POST https://upload-firebasehosting.googleapis.com/upload/sites/cropintel-home/versions/147f2eae6a5da674/files/00f893ccd1991bedba538ef0060e74ab7ad5b71e0f69635554ad94a5f504a047 [none]
[debug] [2026-06-23T19:49:12.682Z] >>> [apiv2][body] POST https://upload-firebasehosting.googleapis.com/upload/sites/cropintel-home/versions/147f2eae6a5da674/files/00f893ccd1991bedba538ef0060e74ab7ad5b71e0f69635554ad94a5f504a047 [stream]
[debug] [2026-06-23T19:49:12.683Z] >>> [apiv2][query] POST https://upload-firebasehosting.googleapis.com/upload/sites/cropintel-home/versions/147f2eae6a5da674/files/e6b395516aefd944daf892666c2732eb66f45ab4a6f8fdc6c3c95b2baaf2bcfb [none]
[debug] [2026-06-23T19:49:12.683Z] >>> [apiv2][body] POST https://upload-firebasehosting.googleapis.com/upload/sites/cropintel-home/versions/147f2eae6a5da674/files/e6b395516aefd944daf892666c2732eb66f45ab4a6f8fdc6c3c95b2baaf2bcfb [stream]
[debug] [2026-06-23T19:49:12.683Z] >>> [apiv2][query] POST https://upload-firebasehosting.googleapis.com/upload/sites/cropintel-home/versions/147f2eae6a5da674/files/81c187c12b351f9074decd8db4177e7417ea9c67765dbecb6794ac5084cc2d79 [none]
[debug] [2026-06-23T19:49:12.684Z] >>> [apiv2][body] POST https://upload-firebasehosting.googleapis.com/upload/sites/cropintel-home/versions/147f2eae6a5da674/files/81c187c12b351f9074decd8db4177e7417ea9c67765dbecb6794ac5084cc2d79 [stream]
[debug] [2026-06-23T19:49:12.684Z] >>> [apiv2][query] POST https://upload-firebasehosting.googleapis.com/upload/sites/cropintel-home/versions/147f2eae6a5da674/files/e02020fa416f4e12e19552ff22a0840f146bdae41c9aae2b3fa173c97e54cb97 [none]
[debug] [2026-06-23T19:49:12.684Z] >>> [apiv2][body] POST https://upload-firebasehosting.googleapis.com/upload/sites/cropintel-home/versions/147f2eae6a5da674/files/e02020fa416f4e12e19552ff22a0840f146bdae41c9aae2b3fa173c97e54cb97 [stream]
[debug] [2026-06-23T19:49:12.685Z] >>> [apiv2][query] POST https://upload-firebasehosting.googleapis.com/upload/sites/cropintel-home/versions/147f2eae6a5da674/files/f46b17d6e2e887329d388286773626796e64b52f4cd965c9b0fe037e97f3ad58 [none]
[debug] [2026-06-23T19:49:12.685Z] >>> [apiv2][body] POST https://upload-firebasehosting.googleapis.com/upload/sites/cropintel-home/versions/147f2eae6a5da674/files/f46b17d6e2e887329d388286773626796e64b52f4cd965c9b0fe037e97f3ad58 [stream]
[debug] [2026-06-23T19:49:12.686Z] >>> [apiv2][query] POST https://upload-firebasehosting.googleapis.com/upload/sites/cropintel-home/versions/147f2eae6a5da674/files/2d52e8061bf117986a11815918c0c41b00962f79468a30a13a1898b66dea2b43 [none]
[debug] [2026-06-23T19:49:12.686Z] >>> [apiv2][body] POST https://upload-firebasehosting.googleapis.com/upload/sites/cropintel-home/versions/147f2eae6a5da674/files/2d52e8061bf117986a11815918c0c41b00962f79468a30a13a1898b66dea2b43 [stream]
[debug] [2026-06-23T19:49:12.686Z] >>> [apiv2][query] POST https://upload-firebasehosting.googleapis.com/upload/sites/cropintel-home/versions/147f2eae6a5da674/files/31d3043585b11f1207438871a1be99d930c35defd7f656c580147858f96bdfde [none]
[debug] [2026-06-23T19:49:12.686Z] >>> [apiv2][body] POST https://upload-firebasehosting.googleapis.com/upload/sites/cropintel-home/versions/147f2eae6a5da674/files/31d3043585b11f1207438871a1be99d930c35defd7f656c580147858f96bdfde [stream]
[debug] [2026-06-23T19:49:12.688Z] >>> [apiv2][query] POST https://upload-firebasehosting.googleapis.com/upload/sites/cropintel-home/versions/147f2eae6a5da674/files/6e5dcbda5b5d227e5732a01d198081da1c20fa105cb52b6342840ef5e738f7f2 [none]
[debug] [2026-06-23T19:49:12.688Z] >>> [apiv2][body] POST https://upload-firebasehosting.googleapis.com/upload/sites/cropintel-home/versions/147f2eae6a5da674/files/6e5dcbda5b5d227e5732a01d198081da1c20fa105cb52b6342840ef5e738f7f2 [stream]
[debug] [2026-06-23T19:49:12.689Z] >>> [apiv2][query] POST https://upload-firebasehosting.googleapis.com/upload/sites/cropintel-home/versions/147f2eae6a5da674/files/dae29acdf0128939e571909a9228115276818bce739f4d0f98c1da8ed68ba91d [none]
[debug] [2026-06-23T19:49:12.689Z] >>> [apiv2][body] POST https://upload-firebasehosting.googleapis.com/upload/sites/cropintel-home/versions/147f2eae6a5da674/files/dae29acdf0128939e571909a9228115276818bce739f4d0f98c1da8ed68ba91d [stream]
[debug] [2026-06-23T19:49:12.690Z] >>> [apiv2][query] POST https://upload-firebasehosting.googleapis.com/upload/sites/cropintel-home/versions/147f2eae6a5da674/files/628ba20a4725b194e65d0f207d3f07aa277e4801e57a1dc639acf15b48155f22 [none]
[debug] [2026-06-23T19:49:12.690Z] >>> [apiv2][body] POST https://upload-firebasehosting.googleapis.com/upload/sites/cropintel-home/versions/147f2eae6a5da674/files/628ba20a4725b194e65d0f207d3f07aa277e4801e57a1dc639acf15b48155f22 [stream]
[debug] [2026-06-23T19:49:12.690Z] >>> [apiv2][query] POST https://upload-firebasehosting.googleapis.com/upload/sites/cropintel-home/versions/147f2eae6a5da674/files/53d34a63f29f43d93f3f8c259408e57a3ce6c0f02ea79727f9129bab029c44f9 [none]
[debug] [2026-06-23T19:49:12.690Z] >>> [apiv2][body] POST https://upload-firebasehosting.googleapis.com/upload/sites/cropintel-home/versions/147f2eae6a5da674/files/53d34a63f29f43d93f3f8c259408e57a3ce6c0f02ea79727f9129bab029c44f9 [stream]
[debug] [2026-06-23T19:49:12.691Z] >>> [apiv2][query] POST https://upload-firebasehosting.googleapis.com/upload/sites/cropintel-home/versions/147f2eae6a5da674/files/294830c97ae8304174ee85322575c07d2eddc01bb81467896bf6702f56c33380 [none]
[debug] [2026-06-23T19:49:12.691Z] >>> [apiv2][body] POST https://upload-firebasehosting.googleapis.com/upload/sites/cropintel-home/versions/147f2eae6a5da674/files/294830c97ae8304174ee85322575c07d2eddc01bb81467896bf6702f56c33380 [stream]
[debug] [2026-06-23T19:49:12.692Z] >>> [apiv2][query] POST https://upload-firebasehosting.googleapis.com/upload/sites/cropintel-home/versions/147f2eae6a5da674/files/2a294a1f6951ff873ce0a28d107a7ac526e2069eb2c89245af606480e3cfffd0 [none]
[debug] [2026-06-23T19:49:12.692Z] >>> [apiv2][body] POST https://upload-firebasehosting.googleapis.com/upload/sites/cropintel-home/versions/147f2eae6a5da674/files/2a294a1f6951ff873ce0a28d107a7ac526e2069eb2c89245af606480e3cfffd0 [stream]
[debug] [2026-06-23T19:49:12.692Z] >>> [apiv2][query] POST https://upload-firebasehosting.googleapis.com/upload/sites/cropintel-home/versions/147f2eae6a5da674/files/9f0b5d5954b6f6037452477d2d1981513103b3024788b218cb7600753496b937 [none]
[debug] [2026-06-23T19:49:12.693Z] >>> [apiv2][body] POST https://upload-firebasehosting.googleapis.com/upload/sites/cropintel-home/versions/147f2eae6a5da674/files/9f0b5d5954b6f6037452477d2d1981513103b3024788b218cb7600753496b937 [stream]
[debug] [2026-06-23T19:49:12.693Z] >>> [apiv2][query] POST https://upload-firebasehosting.googleapis.com/upload/sites/cropintel-home/versions/147f2eae6a5da674/files/9bd17136a47de480956678699554bbb7d6bc553270696bd48577942250b6c8ef [none]
[debug] [2026-06-23T19:49:12.694Z] >>> [apiv2][body] POST https://upload-firebasehosting.googleapis.com/upload/sites/cropintel-home/versions/147f2eae6a5da674/files/9bd17136a47de480956678699554bbb7d6bc553270696bd48577942250b6c8ef [stream]
[debug] [2026-06-23T19:49:12.695Z] >>> [apiv2][query] POST https://upload-firebasehosting.googleapis.com/upload/sites/cropintel-home/versions/147f2eae6a5da674/files/b89061878fc65c909a8d171078ee64f3f64f912bbf885a1264412982db32f04f [none]
[debug] [2026-06-23T19:49:12.695Z] >>> [apiv2][body] POST https://upload-firebasehosting.googleapis.com/upload/sites/cropintel-home/versions/147f2eae6a5da674/files/b89061878fc65c909a8d171078ee64f3f64f912bbf885a1264412982db32f04f [stream]
[debug] [2026-06-23T19:49:12.696Z] >>> [apiv2][query] POST https://upload-firebasehosting.googleapis.com/upload/sites/cropintel-home/versions/147f2eae6a5da674/files/3d4172d98f364e489da0ec569521508dfb421551ea7f0f811ace74a99ac6580c [none]
[debug] [2026-06-23T19:49:12.696Z] >>> [apiv2][body] POST https://upload-firebasehosting.googleapis.com/upload/sites/cropintel-home/versions/147f2eae6a5da674/files/3d4172d98f364e489da0ec569521508dfb421551ea7f0f811ace74a99ac6580c [stream]
[debug] [2026-06-23T19:49:12.697Z] >>> [apiv2][query] POST https://upload-firebasehosting.googleapis.com/upload/sites/cropintel-home/versions/147f2eae6a5da674/files/b68ce4f5a49b452855ed5c368d9750d72dd6a95d1f0afb80e66956bcd1685d5a [none]
[debug] [2026-06-23T19:49:12.697Z] >>> [apiv2][body] POST https://upload-firebasehosting.googleapis.com/upload/sites/cropintel-home/versions/147f2eae6a5da674/files/b68ce4f5a49b452855ed5c368d9750d72dd6a95d1f0afb80e66956bcd1685d5a [stream]
[debug] [2026-06-23T19:49:12.697Z] [hosting][populate queue][FINAL] {"max":616,"min":616,"avg":616,"active":0,"complete":1,"success":1,"errored":0,"retried":0,"total":1,"elapsed":767}
[debug] [2026-06-23T19:49:12.697Z] [hosting] uploads queued: 43
[debug] [2026-06-23T19:49:13.180Z] <<< [apiv2][status] POST https://upload-firebasehosting.googleapis.com/upload/sites/cropintel-home/versions/147f2eae6a5da674/files/2d89c7ca40cd93f2aa11cc810b0e17470df19668b0217af4d8d0cf0a5abf99bb 200
[debug] [2026-06-23T19:49:13.180Z] <<< [apiv2][body] POST https://upload-firebasehosting.googleapis.com/upload/sites/cropintel-home/versions/147f2eae6a5da674/files/2d89c7ca40cd93f2aa11cc810b0e17470df19668b0217af4d8d0cf0a5abf99bb [stream]
[debug] [2026-06-23T19:49:13.186Z] <<< [apiv2][status] POST https://upload-firebasehosting.googleapis.com/upload/sites/cropintel-home/versions/147f2eae6a5da674/files/889a9d61be688aeb9849f3c192834d49b16edddee25b7c9bae3c3c904085f9ef 200
[debug] [2026-06-23T19:49:13.186Z] <<< [apiv2][body] POST https://upload-firebasehosting.googleapis.com/upload/sites/cropintel-home/versions/147f2eae6a5da674/files/889a9d61be688aeb9849f3c192834d49b16edddee25b7c9bae3c3c904085f9ef [stream]
[debug] [2026-06-23T19:49:13.186Z] <<< [apiv2][status] POST https://upload-firebasehosting.googleapis.com/upload/sites/cropintel-home/versions/147f2eae6a5da674/files/4f6c3ab508cda207164948f9b81bd3217bd27db169f47316fefa519d20a9fa59 200
[debug] [2026-06-23T19:49:13.186Z] <<< [apiv2][body] POST https://upload-firebasehosting.googleapis.com/upload/sites/cropintel-home/versions/147f2eae6a5da674/files/4f6c3ab508cda207164948f9b81bd3217bd27db169f47316fefa519d20a9fa59 [stream]
[debug] [2026-06-23T19:49:13.194Z] <<< [apiv2][status] POST https://upload-firebasehosting.googleapis.com/upload/sites/cropintel-home/versions/147f2eae6a5da674/files/79e4393d8b7a91018dca7f452703cae2357fa6f61c73c475bef45199eaab77d7 200
[debug] [2026-06-23T19:49:13.194Z] <<< [apiv2][body] POST https://upload-firebasehosting.googleapis.com/upload/sites/cropintel-home/versions/147f2eae6a5da674/files/79e4393d8b7a91018dca7f452703cae2357fa6f61c73c475bef45199eaab77d7 [stream]
[debug] [2026-06-23T19:49:13.202Z] <<< [apiv2][status] POST https://upload-firebasehosting.googleapis.com/upload/sites/cropintel-home/versions/147f2eae6a5da674/files/02dbc1aeab6ef0a6ff2ff9a1643158cf9bb38929945eaa343a3627dee9ba6778 200
[debug] [2026-06-23T19:49:13.202Z] <<< [apiv2][body] POST https://upload-firebasehosting.googleapis.com/upload/sites/cropintel-home/versions/147f2eae6a5da674/files/02dbc1aeab6ef0a6ff2ff9a1643158cf9bb38929945eaa343a3627dee9ba6778 [stream]
[debug] [2026-06-23T19:49:13.212Z] <<< [apiv2][status] POST https://upload-firebasehosting.googleapis.com/upload/sites/cropintel-home/versions/147f2eae6a5da674/files/5c75c27340d815a65b412d924ff36c86976f7888fa2244b3015491f599d791cb 200
[debug] [2026-06-23T19:49:13.212Z] <<< [apiv2][body] POST https://upload-firebasehosting.googleapis.com/upload/sites/cropintel-home/versions/147f2eae6a5da674/files/5c75c27340d815a65b412d924ff36c86976f7888fa2244b3015491f599d791cb [stream]
[debug] [2026-06-23T19:49:13.232Z] <<< [apiv2][status] POST https://upload-firebasehosting.googleapis.com/upload/sites/cropintel-home/versions/147f2eae6a5da674/files/c10658828dd98a21487fd496c7c088e6d3c223b7bf559b0c3adc03c81f54a33a 200
[debug] [2026-06-23T19:49:13.232Z] <<< [apiv2][body] POST https://upload-firebasehosting.googleapis.com/upload/sites/cropintel-home/versions/147f2eae6a5da674/files/c10658828dd98a21487fd496c7c088e6d3c223b7bf559b0c3adc03c81f54a33a [stream]
[debug] [2026-06-23T19:49:13.253Z] <<< [apiv2][status] POST https://upload-firebasehosting.googleapis.com/upload/sites/cropintel-home/versions/147f2eae6a5da674/files/2a294a1f6951ff873ce0a28d107a7ac526e2069eb2c89245af606480e3cfffd0 200
[debug] [2026-06-23T19:49:13.253Z] <<< [apiv2][body] POST https://upload-firebasehosting.googleapis.com/upload/sites/cropintel-home/versions/147f2eae6a5da674/files/2a294a1f6951ff873ce0a28d107a7ac526e2069eb2c89245af606480e3cfffd0 [stream]
[debug] [2026-06-23T19:49:13.261Z] <<< [apiv2][status] POST https://upload-firebasehosting.googleapis.com/upload/sites/cropintel-home/versions/147f2eae6a5da674/files/504bc1f34b0c461bb98797647d0431fe5b881ea01030149db9ae83197965de92 200
[debug] [2026-06-23T19:49:13.261Z] <<< [apiv2][body] POST https://upload-firebasehosting.googleapis.com/upload/sites/cropintel-home/versions/147f2eae6a5da674/files/504bc1f34b0c461bb98797647d0431fe5b881ea01030149db9ae83197965de92 [stream]
[debug] [2026-06-23T19:49:13.272Z] <<< [apiv2][status] POST https://upload-firebasehosting.googleapis.com/upload/sites/cropintel-home/versions/147f2eae6a5da674/files/53d34a63f29f43d93f3f8c259408e57a3ce6c0f02ea79727f9129bab029c44f9 200
[debug] [2026-06-23T19:49:13.273Z] <<< [apiv2][body] POST https://upload-firebasehosting.googleapis.com/upload/sites/cropintel-home/versions/147f2eae6a5da674/files/53d34a63f29f43d93f3f8c259408e57a3ce6c0f02ea79727f9129bab029c44f9 [stream]
[debug] [2026-06-23T19:49:13.275Z] <<< [apiv2][status] POST https://upload-firebasehosting.googleapis.com/upload/sites/cropintel-home/versions/147f2eae6a5da674/files/ce2066aff306bf989b6980c815394368c4961c84d76276aa0582a94ec362281f 200
[debug] [2026-06-23T19:49:13.275Z] <<< [apiv2][body] POST https://upload-firebasehosting.googleapis.com/upload/sites/cropintel-home/versions/147f2eae6a5da674/files/ce2066aff306bf989b6980c815394368c4961c84d76276aa0582a94ec362281f [stream]
[debug] [2026-06-23T19:49:13.292Z] <<< [apiv2][status] POST https://upload-firebasehosting.googleapis.com/upload/sites/cropintel-home/versions/147f2eae6a5da674/files/8b73f2ae4babb3d70adf200a16329555cd03b390ca97f3fa3368428ebc73c549 200
[debug] [2026-06-23T19:49:13.292Z] <<< [apiv2][body] POST https://upload-firebasehosting.googleapis.com/upload/sites/cropintel-home/versions/147f2eae6a5da674/files/8b73f2ae4babb3d70adf200a16329555cd03b390ca97f3fa3368428ebc73c549 [stream]
[debug] [2026-06-23T19:49:13.292Z] <<< [apiv2][status] POST https://upload-firebasehosting.googleapis.com/upload/sites/cropintel-home/versions/147f2eae6a5da674/files/31d3043585b11f1207438871a1be99d930c35defd7f656c580147858f96bdfde 200
[debug] [2026-06-23T19:49:13.292Z] <<< [apiv2][body] POST https://upload-firebasehosting.googleapis.com/upload/sites/cropintel-home/versions/147f2eae6a5da674/files/31d3043585b11f1207438871a1be99d930c35defd7f656c580147858f96bdfde [stream]
[debug] [2026-06-23T19:49:13.293Z] <<< [apiv2][status] POST https://upload-firebasehosting.googleapis.com/upload/sites/cropintel-home/versions/147f2eae6a5da674/files/865ebd857f9e292e03b5077dabb3a65e41665dc1b933d52e8b6101a2f8f46bbb 200
[debug] [2026-06-23T19:49:13.293Z] <<< [apiv2][body] POST https://upload-firebasehosting.googleapis.com/upload/sites/cropintel-home/versions/147f2eae6a5da674/files/865ebd857f9e292e03b5077dabb3a65e41665dc1b933d52e8b6101a2f8f46bbb [stream]
[debug] [2026-06-23T19:49:13.293Z] <<< [apiv2][status] POST https://upload-firebasehosting.googleapis.com/upload/sites/cropintel-home/versions/147f2eae6a5da674/files/dae29acdf0128939e571909a9228115276818bce739f4d0f98c1da8ed68ba91d 200
[debug] [2026-06-23T19:49:13.294Z] <<< [apiv2][body] POST https://upload-firebasehosting.googleapis.com/upload/sites/cropintel-home/versions/147f2eae6a5da674/files/dae29acdf0128939e571909a9228115276818bce739f4d0f98c1da8ed68ba91d [stream]
[debug] [2026-06-23T19:49:13.294Z] <<< [apiv2][status] POST https://upload-firebasehosting.googleapis.com/upload/sites/cropintel-home/versions/147f2eae6a5da674/files/a338271e2491ec3fef1bc6c37ba5d0f1698e39c4f218a18b3caeecdb9b43b8bf 200
[debug] [2026-06-23T19:49:13.294Z] <<< [apiv2][body] POST https://upload-firebasehosting.googleapis.com/upload/sites/cropintel-home/versions/147f2eae6a5da674/files/a338271e2491ec3fef1bc6c37ba5d0f1698e39c4f218a18b3caeecdb9b43b8bf [stream]
[debug] [2026-06-23T19:49:13.295Z] <<< [apiv2][status] POST https://upload-firebasehosting.googleapis.com/upload/sites/cropintel-home/versions/147f2eae6a5da674/files/0402d6340a70945d851b2d22e156d955fbee54c1d8ec8b379f35fd464a8d08bf 200
[debug] [2026-06-23T19:49:13.295Z] <<< [apiv2][body] POST https://upload-firebasehosting.googleapis.com/upload/sites/cropintel-home/versions/147f2eae6a5da674/files/0402d6340a70945d851b2d22e156d955fbee54c1d8ec8b379f35fd464a8d08bf [stream]
[debug] [2026-06-23T19:49:13.300Z] <<< [apiv2][status] POST https://upload-firebasehosting.googleapis.com/upload/sites/cropintel-home/versions/147f2eae6a5da674/files/628ba20a4725b194e65d0f207d3f07aa277e4801e57a1dc639acf15b48155f22 200
[debug] [2026-06-23T19:49:13.300Z] <<< [apiv2][body] POST https://upload-firebasehosting.googleapis.com/upload/sites/cropintel-home/versions/147f2eae6a5da674/files/628ba20a4725b194e65d0f207d3f07aa277e4801e57a1dc639acf15b48155f22 [stream]
[debug] [2026-06-23T19:49:13.315Z] <<< [apiv2][status] POST https://upload-firebasehosting.googleapis.com/upload/sites/cropintel-home/versions/147f2eae6a5da674/files/6c2fe28cfa669a79bd5f9cf83b116425f623a15379beb98d38bad7e222935b8c 200
[debug] [2026-06-23T19:49:13.315Z] <<< [apiv2][body] POST https://upload-firebasehosting.googleapis.com/upload/sites/cropintel-home/versions/147f2eae6a5da674/files/6c2fe28cfa669a79bd5f9cf83b116425f623a15379beb98d38bad7e222935b8c [stream]
[debug] [2026-06-23T19:49:13.316Z] <<< [apiv2][status] POST https://upload-firebasehosting.googleapis.com/upload/sites/cropintel-home/versions/147f2eae6a5da674/files/bcc2625ae39aa9748c8149b05dc6cbaca4e82b628c2a805c2733cc090562a694 200
[debug] [2026-06-23T19:49:13.316Z] <<< [apiv2][body] POST https://upload-firebasehosting.googleapis.com/upload/sites/cropintel-home/versions/147f2eae6a5da674/files/bcc2625ae39aa9748c8149b05dc6cbaca4e82b628c2a805c2733cc090562a694 [stream]
[debug] [2026-06-23T19:49:13.322Z] <<< [apiv2][status] POST https://upload-firebasehosting.googleapis.com/upload/sites/cropintel-home/versions/147f2eae6a5da674/files/45a6cc5a82be180c6a3ec50f3fb4462bb7505c5e74664a3cdb791bb2ba6b0c0d 200
[debug] [2026-06-23T19:49:13.322Z] <<< [apiv2][body] POST https://upload-firebasehosting.googleapis.com/upload/sites/cropintel-home/versions/147f2eae6a5da674/files/45a6cc5a82be180c6a3ec50f3fb4462bb7505c5e74664a3cdb791bb2ba6b0c0d [stream]
[debug] [2026-06-23T19:49:13.338Z] <<< [apiv2][status] POST https://upload-firebasehosting.googleapis.com/upload/sites/cropintel-home/versions/147f2eae6a5da674/files/e846aec0147fad751f9ab7d799140d38dc0b64a9eb29c9278477c7c148c5ef2b 200
[debug] [2026-06-23T19:49:13.338Z] <<< [apiv2][body] POST https://upload-firebasehosting.googleapis.com/upload/sites/cropintel-home/versions/147f2eae6a5da674/files/e846aec0147fad751f9ab7d799140d38dc0b64a9eb29c9278477c7c148c5ef2b [stream]
[debug] [2026-06-23T19:49:13.356Z] <<< [apiv2][status] POST https://upload-firebasehosting.googleapis.com/upload/sites/cropintel-home/versions/147f2eae6a5da674/files/e6b395516aefd944daf892666c2732eb66f45ab4a6f8fdc6c3c95b2baaf2bcfb 200
[debug] [2026-06-23T19:49:13.356Z] <<< [apiv2][body] POST https://upload-firebasehosting.googleapis.com/upload/sites/cropintel-home/versions/147f2eae6a5da674/files/e6b395516aefd944daf892666c2732eb66f45ab4a6f8fdc6c3c95b2baaf2bcfb [stream]
[debug] [2026-06-23T19:49:13.388Z] <<< [apiv2][status] POST https://upload-firebasehosting.googleapis.com/upload/sites/cropintel-home/versions/147f2eae6a5da674/files/31bd8e0e7d77d8d4decef4993535289871ac0c26ef51019466b9d2b2e87afb1d 200
[debug] [2026-06-23T19:49:13.388Z] <<< [apiv2][body] POST https://upload-firebasehosting.googleapis.com/upload/sites/cropintel-home/versions/147f2eae6a5da674/files/31bd8e0e7d77d8d4decef4993535289871ac0c26ef51019466b9d2b2e87afb1d [stream]
[debug] [2026-06-23T19:49:13.405Z] <<< [apiv2][status] POST https://upload-firebasehosting.googleapis.com/upload/sites/cropintel-home/versions/147f2eae6a5da674/files/67dee1c02c6a6700d63b5c1898cf2df618101a68a395db469192763d24925a23 200
[debug] [2026-06-23T19:49:13.405Z] <<< [apiv2][body] POST https://upload-firebasehosting.googleapis.com/upload/sites/cropintel-home/versions/147f2eae6a5da674/files/67dee1c02c6a6700d63b5c1898cf2df618101a68a395db469192763d24925a23 [stream]
[debug] [2026-06-23T19:49:13.408Z] <<< [apiv2][status] POST https://upload-firebasehosting.googleapis.com/upload/sites/cropintel-home/versions/147f2eae6a5da674/files/f46b17d6e2e887329d388286773626796e64b52f4cd965c9b0fe037e97f3ad58 200
[debug] [2026-06-23T19:49:13.408Z] <<< [apiv2][body] POST https://upload-firebasehosting.googleapis.com/upload/sites/cropintel-home/versions/147f2eae6a5da674/files/f46b17d6e2e887329d388286773626796e64b52f4cd965c9b0fe037e97f3ad58 [stream]
[debug] [2026-06-23T19:49:13.421Z] <<< [apiv2][status] POST https://upload-firebasehosting.googleapis.com/upload/sites/cropintel-home/versions/147f2eae6a5da674/files/e02020fa416f4e12e19552ff22a0840f146bdae41c9aae2b3fa173c97e54cb97 200
[debug] [2026-06-23T19:49:13.421Z] <<< [apiv2][body] POST https://upload-firebasehosting.googleapis.com/upload/sites/cropintel-home/versions/147f2eae6a5da674/files/e02020fa416f4e12e19552ff22a0840f146bdae41c9aae2b3fa173c97e54cb97 [stream]
[debug] [2026-06-23T19:49:13.428Z] <<< [apiv2][status] POST https://upload-firebasehosting.googleapis.com/upload/sites/cropintel-home/versions/147f2eae6a5da674/files/3d4172d98f364e489da0ec569521508dfb421551ea7f0f811ace74a99ac6580c 200
[debug] [2026-06-23T19:49:13.428Z] <<< [apiv2][body] POST https://upload-firebasehosting.googleapis.com/upload/sites/cropintel-home/versions/147f2eae6a5da674/files/3d4172d98f364e489da0ec569521508dfb421551ea7f0f811ace74a99ac6580c [stream]
[debug] [2026-06-23T19:49:13.431Z] <<< [apiv2][status] POST https://upload-firebasehosting.googleapis.com/upload/sites/cropintel-home/versions/147f2eae6a5da674/files/546eb713ad144969a298c9676bd90ef31a7fcd0ef98ddb5764b54692d01b5723 200
[debug] [2026-06-23T19:49:13.431Z] <<< [apiv2][body] POST https://upload-firebasehosting.googleapis.com/upload/sites/cropintel-home/versions/147f2eae6a5da674/files/546eb713ad144969a298c9676bd90ef31a7fcd0ef98ddb5764b54692d01b5723 [stream]
[debug] [2026-06-23T19:49:13.444Z] <<< [apiv2][status] POST https://upload-firebasehosting.googleapis.com/upload/sites/cropintel-home/versions/147f2eae6a5da674/files/6e5dcbda5b5d227e5732a01d198081da1c20fa105cb52b6342840ef5e738f7f2 200
[debug] [2026-06-23T19:49:13.444Z] <<< [apiv2][body] POST https://upload-firebasehosting.googleapis.com/upload/sites/cropintel-home/versions/147f2eae6a5da674/files/6e5dcbda5b5d227e5732a01d198081da1c20fa105cb52b6342840ef5e738f7f2 [stream]
[debug] [2026-06-23T19:49:13.444Z] <<< [apiv2][status] POST https://upload-firebasehosting.googleapis.com/upload/sites/cropintel-home/versions/147f2eae6a5da674/files/8258595685982b345bfd0f22a3f3c729495fbc45f031d6bd51a4d25a5fde3fb3 200
[debug] [2026-06-23T19:49:13.445Z] <<< [apiv2][body] POST https://upload-firebasehosting.googleapis.com/upload/sites/cropintel-home/versions/147f2eae6a5da674/files/8258595685982b345bfd0f22a3f3c729495fbc45f031d6bd51a4d25a5fde3fb3 [stream]
[debug] [2026-06-23T19:49:13.445Z] <<< [apiv2][status] POST https://upload-firebasehosting.googleapis.com/upload/sites/cropintel-home/versions/147f2eae6a5da674/files/b89061878fc65c909a8d171078ee64f3f64f912bbf885a1264412982db32f04f 200
[debug] [2026-06-23T19:49:13.445Z] <<< [apiv2][body] POST https://upload-firebasehosting.googleapis.com/upload/sites/cropintel-home/versions/147f2eae6a5da674/files/b89061878fc65c909a8d171078ee64f3f64f912bbf885a1264412982db32f04f [stream]
[debug] [2026-06-23T19:49:13.460Z] <<< [apiv2][status] POST https://upload-firebasehosting.googleapis.com/upload/sites/cropintel-home/versions/147f2eae6a5da674/files/00f893ccd1991bedba538ef0060e74ab7ad5b71e0f69635554ad94a5f504a047 200
[debug] [2026-06-23T19:49:13.460Z] <<< [apiv2][body] POST https://upload-firebasehosting.googleapis.com/upload/sites/cropintel-home/versions/147f2eae6a5da674/files/00f893ccd1991bedba538ef0060e74ab7ad5b71e0f69635554ad94a5f504a047 [stream]
[debug] [2026-06-23T19:49:13.487Z] <<< [apiv2][status] POST https://upload-firebasehosting.googleapis.com/upload/sites/cropintel-home/versions/147f2eae6a5da674/files/9bd17136a47de480956678699554bbb7d6bc553270696bd48577942250b6c8ef 200
[debug] [2026-06-23T19:49:13.487Z] <<< [apiv2][body] POST https://upload-firebasehosting.googleapis.com/upload/sites/cropintel-home/versions/147f2eae6a5da674/files/9bd17136a47de480956678699554bbb7d6bc553270696bd48577942250b6c8ef [stream]
[debug] [2026-06-23T19:49:13.487Z] <<< [apiv2][status] POST https://upload-firebasehosting.googleapis.com/upload/sites/cropintel-home/versions/147f2eae6a5da674/files/b68ce4f5a49b452855ed5c368d9750d72dd6a95d1f0afb80e66956bcd1685d5a 200
[debug] [2026-06-23T19:49:13.487Z] <<< [apiv2][body] POST https://upload-firebasehosting.googleapis.com/upload/sites/cropintel-home/versions/147f2eae6a5da674/files/b68ce4f5a49b452855ed5c368d9750d72dd6a95d1f0afb80e66956bcd1685d5a [stream]
[debug] [2026-06-23T19:49:13.487Z] <<< [apiv2][status] POST https://upload-firebasehosting.googleapis.com/upload/sites/cropintel-home/versions/147f2eae6a5da674/files/25a203c3fde8e96663c66f1673eafc0d276515f078ee97d0b20dbdbfc93119d5 200
[debug] [2026-06-23T19:49:13.488Z] <<< [apiv2][body] POST https://upload-firebasehosting.googleapis.com/upload/sites/cropintel-home/versions/147f2eae6a5da674/files/25a203c3fde8e96663c66f1673eafc0d276515f078ee97d0b20dbdbfc93119d5 [stream]
[debug] [2026-06-23T19:49:13.490Z] <<< [apiv2][status] POST https://upload-firebasehosting.googleapis.com/upload/sites/cropintel-home/versions/147f2eae6a5da674/files/2d52e8061bf117986a11815918c0c41b00962f79468a30a13a1898b66dea2b43 200
[debug] [2026-06-23T19:49:13.491Z] <<< [apiv2][body] POST https://upload-firebasehosting.googleapis.com/upload/sites/cropintel-home/versions/147f2eae6a5da674/files/2d52e8061bf117986a11815918c0c41b00962f79468a30a13a1898b66dea2b43 [stream]
[debug] [2026-06-23T19:49:13.492Z] <<< [apiv2][status] POST https://upload-firebasehosting.googleapis.com/upload/sites/cropintel-home/versions/147f2eae6a5da674/files/294830c97ae8304174ee85322575c07d2eddc01bb81467896bf6702f56c33380 200
[debug] [2026-06-23T19:49:13.492Z] <<< [apiv2][body] POST https://upload-firebasehosting.googleapis.com/upload/sites/cropintel-home/versions/147f2eae6a5da674/files/294830c97ae8304174ee85322575c07d2eddc01bb81467896bf6702f56c33380 [stream]
[debug] [2026-06-23T19:49:13.511Z] <<< [apiv2][status] POST https://upload-firebasehosting.googleapis.com/upload/sites/cropintel-home/versions/147f2eae6a5da674/files/81c187c12b351f9074decd8db4177e7417ea9c67765dbecb6794ac5084cc2d79 200
[debug] [2026-06-23T19:49:13.511Z] <<< [apiv2][body] POST https://upload-firebasehosting.googleapis.com/upload/sites/cropintel-home/versions/147f2eae6a5da674/files/81c187c12b351f9074decd8db4177e7417ea9c67765dbecb6794ac5084cc2d79 [stream]
[debug] [2026-06-23T19:49:13.550Z] <<< [apiv2][status] POST https://upload-firebasehosting.googleapis.com/upload/sites/cropintel-home/versions/147f2eae6a5da674/files/7e96d6db31cd18adcb1a08e6482a36f29be37213c9f56de65e5b029b93198769 200
[debug] [2026-06-23T19:49:13.550Z] <<< [apiv2][body] POST https://upload-firebasehosting.googleapis.com/upload/sites/cropintel-home/versions/147f2eae6a5da674/files/7e96d6db31cd18adcb1a08e6482a36f29be37213c9f56de65e5b029b93198769 [stream]
[debug] [2026-06-23T19:49:13.588Z] <<< [apiv2][status] POST https://upload-firebasehosting.googleapis.com/upload/sites/cropintel-home/versions/147f2eae6a5da674/files/44aa2c07a72f3a0a3d4e22b6b9601bc11368764217c0b17d0bd01411a86b9c6b 200
[debug] [2026-06-23T19:49:13.588Z] <<< [apiv2][body] POST https://upload-firebasehosting.googleapis.com/upload/sites/cropintel-home/versions/147f2eae6a5da674/files/44aa2c07a72f3a0a3d4e22b6b9601bc11368764217c0b17d0bd01411a86b9c6b [stream]
[debug] [2026-06-23T19:49:13.600Z] <<< [apiv2][status] POST https://upload-firebasehosting.googleapis.com/upload/sites/cropintel-home/versions/147f2eae6a5da674/files/fd0be2364b71fe8849f195c98eaca46271d6877e13fa695a4494eecc8d607aa0 200
[debug] [2026-06-23T19:49:13.600Z] <<< [apiv2][body] POST https://upload-firebasehosting.googleapis.com/upload/sites/cropintel-home/versions/147f2eae6a5da674/files/fd0be2364b71fe8849f195c98eaca46271d6877e13fa695a4494eecc8d607aa0 [stream]
[debug] [2026-06-23T19:49:13.637Z] <<< [apiv2][status] POST https://upload-firebasehosting.googleapis.com/upload/sites/cropintel-home/versions/147f2eae6a5da674/files/9f0b5d5954b6f6037452477d2d1981513103b3024788b218cb7600753496b937 200
[debug] [2026-06-23T19:49:13.637Z] <<< [apiv2][body] POST https://upload-firebasehosting.googleapis.com/upload/sites/cropintel-home/versions/147f2eae6a5da674/files/9f0b5d5954b6f6037452477d2d1981513103b3024788b218cb7600753496b937 [stream]
[debug] [2026-06-23T19:49:13.637Z] [hosting][upload queue][FINAL] {"max":1096,"min":650,"avg":831.1162790697674,"active":0,"complete":43,"success":43,"errored":0,"retried":0,"total":43,"elapsed":1111}
[info] i  hosting: upload complete 
[info] ✔  hosting[cropintel-home]: file upload complete 
[debug] [2026-06-23T19:49:13.638Z] [hosting] deploy completed after 1812ms
[debug] [2026-06-23T19:49:13.639Z] [
  {
    "config": {
      "target": "cropintel-web",
      "public": "out",
      "ignore": [
        "firebase.json",
        "**/.*",
        "**/node_modules/**"
      ],
      "cleanUrls": true,
      "trailingSlash": false,
      "site": "cropintel-home"
    },
    "version": "projects/217415533260/sites/cropintel-home/versions/147f2eae6a5da674"
  }
]
[info] i  hosting[cropintel-home]: finalizing version... 
[debug] [2026-06-23T19:49:13.640Z] Checked if tokens are valid: true, expires at: 1782247163434
[debug] [2026-06-23T19:49:13.640Z] Checked if tokens are valid: true, expires at: 1782247163434
[debug] [2026-06-23T19:49:13.641Z] >>> [apiv2][query] PATCH https://firebasehosting.googleapis.com/v1beta1/projects/-/sites/cropintel-home/versions/147f2eae6a5da674 updateMask=status%2Cconfig
[debug] [2026-06-23T19:49:13.641Z] >>> [apiv2][body] PATCH https://firebasehosting.googleapis.com/v1beta1/projects/-/sites/cropintel-home/versions/147f2eae6a5da674 {"status":"FINALIZED","config":{"cleanUrls":true,"trailingSlashBehavior":"REMOVE"}}
[debug] [2026-06-23T19:49:14.133Z] <<< [apiv2][status] PATCH https://firebasehosting.googleapis.com/v1beta1/projects/-/sites/cropintel-home/versions/147f2eae6a5da674 200
[debug] [2026-06-23T19:49:14.133Z] <<< [apiv2][body] PATCH https://firebasehosting.googleapis.com/v1beta1/projects/-/sites/cropintel-home/versions/147f2eae6a5da674 {"name":"projects/217415533260/sites/cropintel-home/versions/147f2eae6a5da674","status":"FINALIZED","config":{"cleanUrls":true,"trailingSlashBehavior":"REMOVE"},"labels":{"deployment-tool":"cli-firebase"},"createTime":"2026-06-23T19:49:10.988018Z","createUser":{"email":"rakshith.jk2@gmail.com"},"finalizeTime":"2026-06-23T19:49:14.149976Z","finalizeUser":{"email":"rakshith.jk2@gmail.com"}}
[debug] [2026-06-23T19:49:14.133Z] [hosting] finalized version for cropintel-home:[object Object]
[info] ✔  hosting[cropintel-home]: version finalized 
[info] i  hosting[cropintel-home]: releasing new version... 
[debug] [2026-06-23T19:49:14.134Z] Checked if tokens are valid: true, expires at: 1782247163434
[debug] [2026-06-23T19:49:14.134Z] Checked if tokens are valid: true, expires at: 1782247163434
[debug] [2026-06-23T19:49:14.134Z] >>> [apiv2][query] POST https://firebasehosting.googleapis.com/v1beta1/projects/-/sites/cropintel-home/channels/live/releases versionName=projects%2F217415533260%2Fsites%2Fcropintel-home%2Fversions%2F147f2eae6a5da674
[debug] [2026-06-23T19:49:14.134Z] >>> [apiv2][body] POST https://firebasehosting.googleapis.com/v1beta1/projects/-/sites/cropintel-home/channels/live/releases {}
[debug] [2026-06-23T19:49:14.735Z] <<< [apiv2][status] POST https://firebasehosting.googleapis.com/v1beta1/projects/-/sites/cropintel-home/channels/live/releases 200
[debug] [2026-06-23T19:49:14.735Z] <<< [apiv2][body] POST https://firebasehosting.googleapis.com/v1beta1/projects/-/sites/cropintel-home/channels/live/releases {"name":"projects/217415533260/sites/cropintel-home/channels/live/releases/1782244154058000","version":{"name":"projects/217415533260/sites/cropintel-home/versions/147f2eae6a5da674","status":"FINALIZED","config":{"cleanUrls":true,"trailingSlashBehavior":"REMOVE"},"labels":{"deployment-tool":"cli-firebase"},"createTime":"2026-06-23T19:49:10.988018Z","createUser":{"email":"rakshith.jk2@gmail.com","imageUrl":"https://lh3.googleusercontent.com/a/ACg8ocKFvFsaVfNFdrxZXHq38ceQlapzGr4mrMzOoz81rbUeZUG6ULju"},"finalizeTime":"2026-06-23T19:49:14.149976Z","finalizeUser":{"email":"rakshith.jk2@gmail.com","imageUrl":"https://lh3.googleusercontent.com/a/ACg8ocKFvFsaVfNFdrxZXHq38ceQlapzGr4mrMzOoz81rbUeZUG6ULju"}},"type":"DEPLOY","releaseTime":"2026-06-23T19:49:14.058Z","releaseUser":{"email":"rakshith.jk2@gmail.com","imageUrl":"https://lh3.googleusercontent.com/a/ACg8ocKFvFsaVfNFdrxZXHq38ceQlapzGr4mrMzOoz81rbUeZUG6ULju"}}
[debug] [2026-06-23T19:49:14.735Z] [hosting] release: {"name":"projects/217415533260/sites/cropintel-home/channels/live/releases/1782244154058000","version":{"name":"projects/217415533260/sites/cropintel-home/versions/147f2eae6a5da674","status":"FINALIZED","config":{"cleanUrls":true,"trailingSlashBehavior":"REMOVE"},"labels":{"deployment-tool":"cli-firebase"},"createTime":"2026-06-23T19:49:10.988018Z","createUser":{"email":"rakshith.jk2@gmail.com","imageUrl":"https://lh3.googleusercontent.com/a/ACg8ocKFvFsaVfNFdrxZXHq38ceQlapzGr4mrMzOoz81rbUeZUG6ULju"},"finalizeTime":"2026-06-23T19:49:14.149976Z","finalizeUser":{"email":"rakshith.jk2@gmail.com","imageUrl":"https://lh3.googleusercontent.com/a/ACg8ocKFvFsaVfNFdrxZXHq38ceQlapzGr4mrMzOoz81rbUeZUG6ULju"}},"type":"DEPLOY","releaseTime":"2026-06-23T19:49:14.058Z","releaseUser":{"email":"rakshith.jk2@gmail.com","imageUrl":"https://lh3.googleusercontent.com/a/ACg8ocKFvFsaVfNFdrxZXHq38ceQlapzGr4mrMzOoz81rbUeZUG6ULju"}}
[info] ✔  hosting[cropintel-home]: release complete 
[info] 
[info] ✔  Deploy complete! 
[info] 
[info] Project Console: https://console.firebase.google.com/project/cropintel-home/overview
[info] Hosting URL: https://cropintel-home.web.app
